<?xml version="1.0" encoding="UTF-8"?>
<!-- Generated by org.testng.reporters.JUnitXMLReporter -->
<testsuite ignored="1" hostname="DESKTOP-310KIF9" failures="0" tests="1" name="Verify Homepage" time="16.186" errors="0" timestamp="21 Apr 2021 09:18:31 GMT">
  <testcase classname="com.onlineStore.mercari.testCase.TC001_VerifyHomePage" name="verifyHomepage" time="0.703"/>
  <testcase classname="com.onlineStore.mercari.testCase.TC001_VerifyHomePage" name="testingTestcase" time="0.0">
    <ignored/>
  </testcase> <!-- testingTestcase -->
</testsuite> <!-- Verify Homepage -->
