<?xml version="1.0" encoding="UTF-8"?>
<testng-results ignored="2" total="4" passed="2" failed="0" skipped="0">
  <reporter-output>
    <line>
      <![CDATA[<a href= 'E:\workspace\Mercari\src\main\java\com\onlineStore\mercari\screenshot\MercariHomepage_21_04_2021_02_48_30.png'> <img src='E:\workspace\Mercari\src\main\java\com\onlineStore\mercari\screenshot\MercariHomepage_21_04_2021_02_48_30.png' height='100' width ='100'/></a>]]>
    </line>
    <line>
      <![CDATA[<a href= 'E:\workspace\Mercari\src\main\java\com\onlineStore\mercari\screenshot\ItemDetails_21_04_2021_02_48_45.png'> <img src='E:\workspace\Mercari\src\main\java\com\onlineStore\mercari\screenshot\ItemDetails_21_04_2021_02_48_45.png' height='100' width ='100'/></a>]]>
    </line>
  </reporter-output>
  <suite started-at="2021-04-21T09:18:15Z" name="Mercari App store" finished-at="2021-04-21T09:18:46Z" duration-ms="30607">
    <groups>
    </groups>
    <test started-at="2021-04-21T09:18:15Z" name="Verify New Address Registered" finished-at="2021-04-21T09:18:15Z" duration-ms="16">
    </test> <!-- Verify New Address Registered -->
    <test started-at="2021-04-21T09:18:15Z" name="Verify Homepage" finished-at="2021-04-21T09:18:31Z" duration-ms="16186">
      <class name="com.onlineStore.mercari.testCase.TC001_VerifyHomePage">
        <test-method is-config="true" signature="setup()[pri:0, instance:com.onlineStore.mercari.testCase.TC001_VerifyHomePage@363ee3a2]" started-at="2021-04-21T14:48:15Z" name="setup" finished-at="2021-04-21T14:48:30Z" duration-ms="14803" status="PASS">
          <reporter-output>
          </reporter-output>
        </test-method> <!-- setup -->
        <test-method signature="verifyHomepage()[pri:1, instance:com.onlineStore.mercari.testCase.TC001_VerifyHomePage@363ee3a2]" started-at="2021-04-21T14:48:30Z" name="verifyHomepage" finished-at="2021-04-21T14:48:31Z" duration-ms="703" status="PASS">
          <reporter-output>
            <line>
              <![CDATA[<a href= 'E:\workspace\Mercari\src\main\java\com\onlineStore\mercari\screenshot\MercariHomepage_21_04_2021_02_48_30.png'> <img src='E:\workspace\Mercari\src\main\java\com\onlineStore\mercari\screenshot\MercariHomepage_21_04_2021_02_48_30.png' height='100' width ='100'/></a>]]>
            </line>
          </reporter-output>
        </test-method> <!-- verifyHomepage -->
        <test-method is-config="true" signature="endTest()[pri:0, instance:com.onlineStore.mercari.testCase.TC001_VerifyHomePage@363ee3a2]" started-at="2021-04-21T14:48:31Z" name="endTest" finished-at="2021-04-21T14:48:31Z" duration-ms="633" status="PASS">
          <reporter-output>
          </reporter-output>
        </test-method> <!-- endTest -->
      </class> <!-- com.onlineStore.mercari.testCase.TC001_VerifyHomePage -->
    </test> <!-- Verify Homepage -->
    <test started-at="2021-04-21T09:18:15Z" name="Search Item" finished-at="2021-04-21T09:18:46Z" duration-ms="30606">
      <class name="com.onlineStore.mercari.testCase.TC003_SearchItem">
        <test-method is-config="true" signature="setup()[pri:0, instance:com.onlineStore.mercari.testCase.TC003_SearchItem@3e2e18f2]" started-at="2021-04-21T14:48:15Z" name="setup" finished-at="2021-04-21T14:48:30Z" duration-ms="14969" status="PASS">
          <reporter-output>
          </reporter-output>
        </test-method> <!-- setup -->
        <test-method signature="searchItem()[pri:1, instance:com.onlineStore.mercari.testCase.TC003_SearchItem@3e2e18f2]" started-at="2021-04-21T14:48:30Z" name="searchItem" finished-at="2021-04-21T14:48:45Z" duration-ms="14882" status="PASS">
          <reporter-output>
            <line>
              <![CDATA[<a href= 'E:\workspace\Mercari\src\main\java\com\onlineStore\mercari\screenshot\ItemDetails_21_04_2021_02_48_45.png'> <img src='E:\workspace\Mercari\src\main\java\com\onlineStore\mercari\screenshot\ItemDetails_21_04_2021_02_48_45.png' height='100' width ='100'/></a>]]>
            </line>
          </reporter-output>
        </test-method> <!-- searchItem -->
        <test-method is-config="true" signature="endTest()[pri:0, instance:com.onlineStore.mercari.testCase.TC003_SearchItem@3e2e18f2]" started-at="2021-04-21T14:48:45Z" name="endTest" finished-at="2021-04-21T14:48:46Z" duration-ms="703" status="PASS">
          <reporter-output>
          </reporter-output>
        </test-method> <!-- endTest -->
      </class> <!-- com.onlineStore.mercari.testCase.TC003_SearchItem -->
    </test> <!-- Search Item -->
  </suite> <!-- Mercari App store -->
</testng-results>
